<?xml version="1.0" encoding="UTF-8"?>
<testsuite xmlns:xsi="http://www.w3.org/2001/XMLSchema-instance" xsi:noNamespaceSchemaLocation="https://maven.apache.org/surefire/maven-surefire-plugin/xsd/surefire-test-report-3.0.xsd" version="3.0" name="praktikum.DatabaseTest" time="0.002" tests="2" errors="0" skipped="0" failures="0">
  <properties>
    <property name="sun.desktop" value="windows"/>
    <property name="awt.toolkit" value="sun.awt.windows.WToolkit"/>
    <property name="java.specification.version" value="11"/>
    <property name="sun.cpu.isalist" value="amd64"/>
    <property name="sun.jnu.encoding" value="Cp1251"/>
    <property name="java.class.path" value="C:\Users\moorwish\Desktop\Diplom_Vadim_Smirnov_27\Diplom_1\target\test-classes;C:\Users\moorwish\Desktop\Diplom_Vadim_Smirnov_27\Diplom_1\target\classes;C:\Users\moorwish\.m2\repository\org\mockito\mockito-core\3.12.4\mockito-core-3.12.4.jar;C:\Users\moorwish\.m2\repository\net\bytebuddy\byte-buddy\1.11.13\byte-buddy-1.11.13.jar;C:\Users\moorwish\.m2\repository\net\bytebuddy\byte-buddy-agent\1.11.13\byte-buddy-agent-1.11.13.jar;C:\Users\moorwish\.m2\repository\org\objenesis\objenesis\3.2\objenesis-3.2.jar;C:\Users\moorwish\.m2\repository\junit\junit\4.13.1\junit-4.13.1.jar;C:\Users\moorwish\.m2\repository\org\hamcrest\hamcrest-core\1.3\hamcrest-core-1.3.jar;C:\Users\moorwish\.m2\repository\org\jacoco\org.jacoco.core\0.8.7\org.jacoco.core-0.8.7.jar;C:\Users\moorwish\.m2\repository\org\ow2\asm\asm\9.1\asm-9.1.jar;C:\Users\moorwish\.m2\repository\org\ow2\asm\asm-commons\9.1\asm-commons-9.1.jar;C:\Users\moorwish\.m2\repository\org\ow2\asm\asm-analysis\9.1\asm-analysis-9.1.jar;C:\Users\moorwish\.m2\repository\org\ow2\asm\asm-tree\9.1\asm-tree-9.1.jar;"/>
    <property name="java.vm.vendor" value="Amazon.com Inc."/>
    <property name="sun.arch.data.model" value="64"/>
    <property name="user.variant" value=""/>
    <property name="java.vendor.url" value="https://aws.amazon.com/corretto/"/>
    <property name="user.timezone" value="Europe/Moscow"/>
    <property name="java.vm.specification.version" value="11"/>
    <property name="os.name" value="Windows 11"/>
    <property name="sun.java.launcher" value="SUN_STANDARD"/>
    <property name="user.country" value="RU"/>
    <property name="sun.boot.library.path" value="C:\Program Files\Amazon Corretto\jdk11.0.20_9\bin"/>
    <property name="sun.java.command" value="C:\Users\moorwish\AppData\Local\Temp\surefire5043591765834554600\surefirebooter-20240119163423880_3.jar C:\Users\moorwish\AppData\Local\Temp\surefire5043591765834554600 2024-01-19T16-34-23_733-jvmRun1 surefire-20240119163423880_1tmp surefire_0-20240119163423880_2tmp"/>
    <property name="jdk.debug" value="release"/>
    <property name="surefire.test.class.path" value="C:\Users\moorwish\Desktop\Diplom_Vadim_Smirnov_27\Diplom_1\target\test-classes;C:\Users\moorwish\Desktop\Diplom_Vadim_Smirnov_27\Diplom_1\target\classes;C:\Users\moorwish\.m2\repository\org\mockito\mockito-core\3.12.4\mockito-core-3.12.4.jar;C:\Users\moorwish\.m2\repository\net\bytebuddy\byte-buddy\1.11.13\byte-buddy-1.11.13.jar;C:\Users\moorwish\.m2\repository\net\bytebuddy\byte-buddy-agent\1.11.13\byte-buddy-agent-1.11.13.jar;C:\Users\moorwish\.m2\repository\org\objenesis\objenesis\3.2\objenesis-3.2.jar;C:\Users\moorwish\.m2\repository\junit\junit\4.13.1\junit-4.13.1.jar;C:\Users\moorwish\.m2\repository\org\hamcrest\hamcrest-core\1.3\hamcrest-core-1.3.jar;C:\Users\moorwish\.m2\repository\org\jacoco\org.jacoco.core\0.8.7\org.jacoco.core-0.8.7.jar;C:\Users\moorwish\.m2\repository\org\ow2\asm\asm\9.1\asm-9.1.jar;C:\Users\moorwish\.m2\repository\org\ow2\asm\asm-commons\9.1\asm-commons-9.1.jar;C:\Users\moorwish\.m2\repository\org\ow2\asm\asm-analysis\9.1\asm-analysis-9.1.jar;C:\Users\moorwish\.m2\repository\org\ow2\asm\asm-tree\9.1\asm-tree-9.1.jar;"/>
    <property name="sun.cpu.endian" value="little"/>
    <property name="user.home" value="C:\Users\moorwish"/>
    <property name="user.language" value="ru"/>
    <property name="java.specification.vendor" value="Oracle Corporation"/>
    <property name="java.version.date" value="2023-08-22"/>
    <property name="java.home" value="C:\Program Files\Amazon Corretto\jdk11.0.20_9"/>
    <property name="file.separator" value="\"/>
    <property name="basedir" value="C:\Users\moorwish\Desktop\Diplom_Vadim_Smirnov_27\Diplom_1"/>
    <property name="java.vm.compressedOopsMode" value="Zero based"/>
    <property name="line.separator" value="&#10;"/>
    <property name="java.specification.name" value="Java Platform API Specification"/>
    <property name="java.vm.specification.vendor" value="Oracle Corporation"/>
    <property name="java.awt.graphicsenv" value="sun.awt.Win32GraphicsEnvironment"/>
    <property name="surefire.real.class.path" value="C:\Users\moorwish\AppData\Local\Temp\surefire5043591765834554600\surefirebooter-20240119163423880_3.jar"/>
    <property name="user.script" value=""/>
    <property name="sun.management.compiler" value="HotSpot 64-Bit Tiered Compilers"/>
    <property name="java.runtime.version" value="11.0.20.1+9-LTS"/>
    <property name="user.name" value="moorwish"/>
    <property name="path.separator" value=";"/>
    <property name="os.version" value="10.0"/>
    <property name="java.runtime.name" value="OpenJDK Runtime Environment"/>
    <property name="file.encoding" value="Cp1251"/>
    <property name="java.vm.name" value="OpenJDK 64-Bit Server VM"/>
    <property name="java.vendor.version" value="Corretto-11.0.20.9.1"/>
    <property name="localRepository" value="C:\Users\moorwish\.m2\repository"/>
    <property name="java.vendor.url.bug" value="https://github.com/corretto/corretto-11/issues/"/>
    <property name="java.io.tmpdir" value="C:\Users\moorwish\AppData\Local\Temp\"/>
    <property name="idea.version" value="2023.2.1"/>
    <property name="java.version" value="11.0.20.1"/>
    <property name="user.dir" value="C:\Users\moorwish\Desktop\Diplom_Vadim_Smirnov_27\Diplom_1"/>
    <property name="os.arch" value="amd64"/>
    <property name="java.vm.specification.name" value="Java Virtual Machine Specification"/>
    <property name="java.awt.printerjob" value="sun.awt.windows.WPrinterJob"/>
    <property name="sun.os.patch.level" value=""/>
    <property name="java.library.path" value="C:\Program Files\Amazon Corretto\jdk11.0.20_9\bin;C:\WINDOWS\Sun\Java\bin;C:\WINDOWS\system32;C:\WINDOWS;C:\Program Files\Amazon Corretto\jdk11.0.20_9\bin;C:\Windows\system32;C:\Windows;C:\Windows\System32\Wbem;C:\Windows\System32\WindowsPowerShell\v1.0\;C:\Windows\System32\OpenSSH\;C:\Program Files\NVIDIA Corporation\NVIDIA NvDLISR;C:\Program Files (x86)\NVIDIA Corporation\PhysX\Common;C:\Program Files\TortoiseSVN\bin;C:\Program Files\dotnet\;C:\Program Files\nodejs\;C:\Program Files\apache-maven-3.9.4\bin;C:\WINDOWS\system32;C:\WINDOWS;C:\WINDOWS\System32\Wbem;C:\WINDOWS\System32\WindowsPowerShell\v1.0\;C:\WINDOWS\System32\OpenSSH\;C:\Program Files\Git\cmd;C:\Program Files\Git\mingw64\bin;C:\Program Files\Git\usr\bin;C:\WebDriver\bin\chrome-win64;C:\Program Files\Docker\Docker\resources\bin;C:\allure-2.25.0\bin;C:\Users\moorwish\AppData\Local\Programs\Python\Python310\Scripts\;C:\Users\moorwish\AppData\Local\Programs\Python\Python310\;C:\Users\moorwish\AppData\Local\Microsoft\WindowsApps;;C:\Program Files\JetBrains\PyCharm Community Edition 2022.2.1\bin;;C:\Users\moorwish\AppData\Roaming\npm;C:\Users\moorwish\AppData\Local\Programs\Microsoft VS Code\bin;C:\Program Files\JetBrains\IntelliJ IDEA Community Edition 2023.2.1\bin;;."/>
    <property name="java.vm.info" value="mixed mode"/>
    <property name="java.vendor" value="Amazon.com Inc."/>
    <property name="java.vm.version" value="11.0.20.1+9-LTS"/>
    <property name="java.specification.maintenance.version" value="2"/>
    <property name="sun.io.unicode.encoding" value="UnicodeLittle"/>
    <property name="java.class.version" value="55.0"/>
  </properties>
  <testcase name="availableBunsTest" classname="praktikum.DatabaseTest" time="0"/>
  <testcase name="availableIngredientsTest" classname="praktikum.DatabaseTest" time="0.002"/>
</testsuite>